2022-07-21 06:41:50.636494 from_date-None, to_date-None, last_modified-2022-07-21 09:12:17, order-None
2022-07-21 06:42:13.217159 from_date-2022-07-21, to_date-2022-07-21, last_modified-None, order-None
2022-07-21 06:43:12.721166 from_date-2022-07-21, to_date-2022-07-21, last_modified-None, order-None
2022-07-21 06:44:12.767386 from_date-2022-07-21, to_date-2022-07-21, last_modified-None, order-None
2022-07-21 06:45:12.710912 from_date-2022-07-21, to_date-2022-07-21, last_modified-None, order-None
2022-07-21 06:46:12.736126 from_date-2022-07-21, to_date-2022-07-21, last_modified-None, order-None
2022-07-21 06:47:12.705230 from_date-2022-07-21, to_date-2022-07-21, last_modified-None, order-None
2022-07-21 06:48:12.740495 from_date-2022-07-21, to_date-2022-07-21, last_modified-None, order-None
2022-07-21 06:49:12.835283 from_date-2022-07-21, to_date-2022-07-21, last_modified-None, order-None
2022-07-21 06:50:12.771429 from_date-2022-07-21, to_date-2022-07-21, last_modified-None, order-None
2022-07-21 06:51:12.763411 from_date-2022-07-21, to_date-2022-07-21, last_modified-None, order-None
2022-07-21 06:52:12.796835 from_date-2022-07-21, to_date-2022-07-21, last_modified-None, order-None
2022-07-21 06:53:12.804752 from_date-2022-07-21, to_date-2022-07-21, last_modified-None, order-None
2022-07-21 06:54:12.893181 from_date-2022-07-21, to_date-2022-07-21, last_modified-None, order-None
2022-07-21 06:55:12.818764 from_date-2022-07-21, to_date-2022-07-21, last_modified-None, order-None
2022-07-21 06:56:12.811410 from_date-2022-07-21, to_date-2022-07-21, last_modified-None, order-None
2022-07-21 06:57:13.063368 from_date-None, to_date-None, last_modified-None, order-None
2022-07-21 06:58:52.954763 from_date-2022-07-21, to_date-2022-07-21, last_modified-None, order-None
2022-07-21 06:59:12.906184 from_date-2022-07-21, to_date-2022-07-21, last_modified-None, order-None
2022-07-21 07:00:12.833957 from_date-2022-07-21, to_date-2022-07-21, last_modified-None, order-None
2022-07-21 07:01:12.840199 from_date-2022-07-21, to_date-2022-07-21, last_modified-None, order-None
2022-07-21 07:02:12.921529 from_date-2022-07-21, to_date-2022-07-21, last_modified-None, order-None
2022-07-21 07:03:12.857791 from_date-2022-07-21, to_date-2022-07-21, last_modified-None, order-None
2022-07-21 07:04:12.939507 from_date-2022-07-21, to_date-2022-07-21, last_modified-None, order-None
2022-07-21 07:05:12.894171 from_date-2022-07-21, to_date-2022-07-21, last_modified-None, order-None
2022-07-21 07:06:12.874463 from_date-2022-07-21, to_date-2022-07-21, last_modified-None, order-None
2022-07-21 07:07:12.914372 from_date-2022-07-21, to_date-2022-07-21, last_modified-None, order-None
2022-07-21 07:08:12.898330 from_date-2022-07-21, to_date-2022-07-21, last_modified-None, order-None
2022-07-21 07:09:13.022230 from_date-2022-07-21, to_date-2022-07-21, last_modified-None, order-None
2022-07-21 07:10:12.913777 from_date-2022-07-21, to_date-2022-07-21, last_modified-None, order-None
2022-07-21 07:11:12.915148 from_date-2022-07-21, to_date-2022-07-21, last_modified-None, order-None
2022-07-21 07:12:12.939500 from_date-2022-07-21, to_date-2022-07-21, last_modified-None, order-None
2022-07-21 07:13:12.912633 from_date-2022-07-21, to_date-2022-07-21, last_modified-None, order-None
2022-07-21 07:14:12.999252 from_date-2022-07-21, to_date-2022-07-21, last_modified-None, order-None
2022-07-21 07:15:12.958441 from_date-2022-07-21, to_date-2022-07-21, last_modified-None, order-None
2022-07-21 07:16:12.973394 from_date-2022-07-21, to_date-2022-07-21, last_modified-None, order-None
2022-07-21 07:17:12.952349 from_date-2022-07-21, to_date-2022-07-21, last_modified-None, order-None
2022-07-21 07:18:12.971619 from_date-2022-07-21, to_date-2022-07-21, last_modified-None, order-None
2022-07-21 07:19:13.049614 from_date-2022-07-21, to_date-2022-07-21, last_modified-None, order-None
2022-07-21 07:20:12.997295 from_date-2022-07-21, to_date-2022-07-21, last_modified-None, order-None
2022-07-21 07:21:12.995316 from_date-2022-07-21, to_date-2022-07-21, last_modified-None, order-None
2022-07-21 07:22:13.029381 from_date-2022-07-21, to_date-2022-07-21, last_modified-None, order-None
2022-07-21 07:23:12.993959 from_date-2022-07-21, to_date-2022-07-21, last_modified-None, order-None
2022-07-21 07:24:13.058503 from_date-2022-07-21, to_date-2022-07-21, last_modified-None, order-None
2022-07-21 07:25:13.027651 from_date-2022-07-21, to_date-2022-07-21, last_modified-None, order-None
2022-07-21 07:26:13.011534 from_date-2022-07-21, to_date-2022-07-21, last_modified-None, order-None
2022-07-21 07:27:13.091891 from_date-2022-07-21, to_date-2022-07-21, last_modified-None, order-None
2022-07-21 07:28:12.997635 from_date-2022-07-21, to_date-2022-07-21, last_modified-None, order-None
2022-07-21 07:29:13.068858 from_date-2022-07-21, to_date-2022-07-21, last_modified-None, order-None
2022-07-21 07:30:13.008139 from_date-2022-07-21, to_date-2022-07-21, last_modified-None, order-None
2022-07-21 07:31:13.012231 from_date-2022-07-21, to_date-2022-07-21, last_modified-None, order-None
2022-07-21 07:32:13.077787 from_date-2022-07-21, to_date-2022-07-21, last_modified-None, order-None
2022-07-21 07:33:13.027430 from_date-2022-07-21, to_date-2022-07-21, last_modified-None, order-None
2022-07-21 07:34:13.035189 from_date-2022-07-21, to_date-2022-07-21, last_modified-None, order-None
2022-07-21 07:35:13.075820 from_date-2022-07-21, to_date-2022-07-21, last_modified-None, order-None
2022-07-21 07:36:13.012909 from_date-2022-07-21, to_date-2022-07-21, last_modified-None, order-None
2022-07-21 07:37:13.018669 from_date-2022-07-21, to_date-2022-07-21, last_modified-None, order-None
2022-07-21 07:38:13.022319 from_date-2022-07-21, to_date-2022-07-21, last_modified-None, order-None
2022-07-21 07:39:13.021457 from_date-2022-07-21, to_date-2022-07-21, last_modified-None, order-None
2022-07-21 07:40:14.636187 from_date-2022-07-21, to_date-2022-07-21, last_modified-None, order-None
2022-07-21 07:41:13.021378 from_date-2022-07-21, to_date-2022-07-21, last_modified-None, order-None
2022-07-21 07:42:13.017031 from_date-2022-07-21, to_date-2022-07-21, last_modified-None, order-None
2022-07-21 07:43:13.032662 from_date-2022-07-21, to_date-2022-07-21, last_modified-None, order-None
2022-07-21 07:44:13.067596 from_date-2022-07-21, to_date-2022-07-21, last_modified-None, order-None
2022-07-21 07:45:13.058663 from_date-2022-07-21, to_date-2022-07-21, last_modified-None, order-None
2022-07-21 07:45:51.296879 from_date-2022-07-21, to_date-2022-07-21, last_modified-None, order-None
2022-07-21 07:46:13.107243 from_date-2022-07-21, to_date-2022-07-21, last_modified-None, order-None
2022-07-21 07:47:13.225135 from_date-2022-07-21, to_date-2022-07-21, last_modified-None, order-None
2022-07-21 07:48:13.109113 from_date-2022-07-21, to_date-2022-07-21, last_modified-None, order-None
2022-07-21 07:49:13.088408 from_date-2022-07-21, to_date-2022-07-21, last_modified-None, order-None
2022-07-21 07:50:13.115614 from_date-2022-07-21, to_date-2022-07-21, last_modified-None, order-None
2022-07-21 07:50:51.292756 from_date-2022-07-21, to_date-2022-07-21, last_modified-None, order-None
2022-07-21 07:51:13.198568 from_date-2022-07-21, to_date-2022-07-21, last_modified-None, order-None
2022-07-21 07:52:13.133662 from_date-2022-07-21, to_date-2022-07-21, last_modified-None, order-None
2022-07-21 07:53:13.148222 from_date-2022-07-21, to_date-2022-07-21, last_modified-None, order-None
2022-07-21 07:54:13.159199 from_date-2022-07-21, to_date-2022-07-21, last_modified-None, order-None
2022-07-21 07:55:13.163506 from_date-2022-07-21, to_date-2022-07-21, last_modified-None, order-None
2022-07-21 07:55:51.272409 from_date-2022-07-21, to_date-2022-07-21, last_modified-None, order-None
2022-07-21 07:56:13.241435 from_date-2022-07-21, to_date-2022-07-21, last_modified-None, order-None
2022-07-21 07:57:13.199462 from_date-2022-07-21, to_date-2022-07-21, last_modified-None, order-None
2022-07-21 07:58:13.197292 from_date-2022-07-21, to_date-2022-07-21, last_modified-None, order-None
2022-07-21 07:59:13.226871 from_date-2022-07-21, to_date-2022-07-21, last_modified-None, order-None
2022-07-21 08:00:13.240451 from_date-2022-07-21, to_date-2022-07-21, last_modified-None, order-None
2022-07-21 08:00:51.259254 from_date-2022-07-21, to_date-2022-07-21, last_modified-None, order-None
2022-07-21 08:01:13.321232 from_date-2022-07-21, to_date-2022-07-21, last_modified-None, order-None
2022-07-21 08:02:13.259368 from_date-2022-07-21, to_date-2022-07-21, last_modified-None, order-None
2022-07-21 08:03:13.264630 from_date-2022-07-21, to_date-2022-07-21, last_modified-None, order-None
2022-07-21 08:04:13.252555 from_date-2022-07-21, to_date-2022-07-21, last_modified-None, order-None
2022-07-21 08:05:13.239303 from_date-2022-07-21, to_date-2022-07-21, last_modified-None, order-None
2022-07-21 08:05:51.260053 from_date-2022-07-21, to_date-2022-07-21, last_modified-None, order-None
2022-07-21 08:06:16.010036 from_date-2022-07-21, to_date-2022-07-21, last_modified-None, order-None
2022-07-21 08:07:13.257313 from_date-2022-07-21, to_date-2022-07-21, last_modified-None, order-None
2022-07-21 08:08:13.235110 from_date-2022-07-21, to_date-2022-07-21, last_modified-None, order-None
2022-07-21 08:09:13.254013 from_date-2022-07-21, to_date-2022-07-21, last_modified-None, order-None
2022-07-21 08:10:13.258971 from_date-2022-07-21, to_date-2022-07-21, last_modified-None, order-None
2022-07-21 08:10:51.279540 from_date-2022-07-21, to_date-2022-07-21, last_modified-None, order-None
2022-07-21 08:11:13.304736 from_date-2022-07-21, to_date-2022-07-21, last_modified-None, order-None
2022-07-21 08:12:13.321101 from_date-2022-07-21, to_date-2022-07-21, last_modified-None, order-None
2022-07-21 08:13:13.528543 from_date-2022-07-21, to_date-2022-07-21, last_modified-None, order-None
2022-07-21 08:14:13.284306 from_date-2022-07-21, to_date-2022-07-21, last_modified-None, order-None
2022-07-21 08:15:13.261124 from_date-2022-07-21, to_date-2022-07-21, last_modified-None, order-None
2022-07-21 08:15:51.286585 from_date-2022-07-21, to_date-2022-07-21, last_modified-None, order-None
2022-07-21 08:16:13.288284 from_date-2022-07-21, to_date-2022-07-21, last_modified-None, order-None
2022-07-21 08:17:13.329982 from_date-2022-07-21, to_date-2022-07-21, last_modified-None, order-None
2022-07-21 08:18:13.282009 from_date-2022-07-21, to_date-2022-07-21, last_modified-None, order-None
2022-07-21 08:19:13.289184 from_date-2022-07-21, to_date-2022-07-21, last_modified-None, order-None
2022-07-21 08:20:13.275653 from_date-2022-07-21, to_date-2022-07-21, last_modified-None, order-None
2022-07-21 08:20:51.289186 from_date-2022-07-21, to_date-2022-07-21, last_modified-None, order-None
2022-07-21 08:21:13.309943 from_date-2022-07-21, to_date-2022-07-21, last_modified-None, order-None
2022-07-21 08:22:13.389592 from_date-2022-07-21, to_date-2022-07-21, last_modified-None, order-None
2022-07-21 08:23:13.336569 from_date-2022-07-21, to_date-2022-07-21, last_modified-None, order-None
2022-07-21 08:24:13.294936 from_date-2022-07-21, to_date-2022-07-21, last_modified-None, order-None
2022-07-21 08:25:13.370139 from_date-2022-07-21, to_date-2022-07-21, last_modified-None, order-None
2022-07-21 08:25:51.312023 from_date-2022-07-21, to_date-2022-07-21, last_modified-None, order-None
2022-07-21 08:26:13.344977 from_date-2022-07-21, to_date-2022-07-21, last_modified-None, order-None
2022-07-21 08:27:13.459544 from_date-2022-07-21, to_date-2022-07-21, last_modified-None, order-None
2022-07-21 08:28:13.355746 from_date-2022-07-21, to_date-2022-07-21, last_modified-None, order-None
2022-07-21 08:29:13.403260 from_date-2022-07-21, to_date-2022-07-21, last_modified-None, order-None
2022-07-21 08:30:13.397626 from_date-2022-07-21, to_date-2022-07-21, last_modified-None, order-None
2022-07-21 08:30:51.225585 from_date-2022-07-21, to_date-2022-07-21, last_modified-None, order-None
2022-07-21 08:31:13.445809 from_date-2022-07-21, to_date-2022-07-21, last_modified-None, order-None
2022-07-21 08:32:13.454107 from_date-2022-07-21, to_date-2022-07-21, last_modified-None, order-None
2022-07-21 08:33:13.409247 from_date-2022-07-21, to_date-2022-07-21, last_modified-None, order-None
2022-07-21 08:34:13.419444 from_date-2022-07-21, to_date-2022-07-21, last_modified-None, order-None
2022-07-21 08:35:13.445990 from_date-2022-07-21, to_date-2022-07-21, last_modified-None, order-None
2022-07-21 08:35:51.291921 from_date-2022-07-21, to_date-2022-07-21, last_modified-None, order-None
2022-07-21 08:36:13.440971 from_date-2022-07-21, to_date-2022-07-21, last_modified-None, order-None
2022-07-21 08:37:13.514675 from_date-2022-07-21, to_date-2022-07-21, last_modified-None, order-None
2022-07-21 08:38:13.475664 from_date-2022-07-21, to_date-2022-07-21, last_modified-None, order-None
2022-07-21 08:39:13.479478 from_date-2022-07-21, to_date-2022-07-21, last_modified-None, order-None
2022-07-21 08:40:13.535479 from_date-2022-07-21, to_date-2022-07-21, last_modified-None, order-None
2022-07-21 08:40:51.351418 from_date-2022-07-21, to_date-2022-07-21, last_modified-None, order-None
2022-07-21 08:41:13.546036 from_date-2022-07-21, to_date-2022-07-21, last_modified-None, order-None
2022-07-21 08:42:13.553256 from_date-2022-07-21, to_date-2022-07-21, last_modified-None, order-None
2022-07-21 08:43:13.513767 from_date-2022-07-21, to_date-2022-07-21, last_modified-None, order-None
2022-07-21 08:44:13.529930 from_date-2022-07-21, to_date-2022-07-21, last_modified-None, order-None
2022-07-21 08:45:13.540027 from_date-2022-07-21, to_date-2022-07-21, last_modified-None, order-None
2022-07-21 08:45:51.344273 from_date-2022-07-21, to_date-2022-07-21, last_modified-None, order-None
2022-07-21 08:46:13.533696 from_date-2022-07-21, to_date-2022-07-21, last_modified-None, order-None
2022-07-21 08:47:13.614277 from_date-2022-07-21, to_date-2022-07-21, last_modified-None, order-None
2022-07-21 08:48:13.569533 from_date-2022-07-21, to_date-2022-07-21, last_modified-None, order-None
2022-07-21 08:49:13.581963 from_date-2022-07-21, to_date-2022-07-21, last_modified-None, order-None
2022-07-21 08:50:13.587386 from_date-2022-07-21, to_date-2022-07-21, last_modified-None, order-None
2022-07-21 08:50:51.272141 from_date-2022-07-21, to_date-2022-07-21, last_modified-None, order-None
2022-07-21 08:51:13.633951 from_date-2022-07-21, to_date-2022-07-21, last_modified-None, order-None
2022-07-21 08:52:13.679400 from_date-2022-07-21, to_date-2022-07-21, last_modified-None, order-None
2022-07-21 08:53:13.659988 from_date-2022-07-21, to_date-2022-07-21, last_modified-None, order-None
2022-07-21 08:54:13.681146 from_date-2022-07-21, to_date-2022-07-21, last_modified-None, order-None
2022-07-21 08:55:13.687556 from_date-2022-07-21, to_date-2022-07-21, last_modified-None, order-None
2022-07-21 08:55:51.255560 from_date-2022-07-21, to_date-2022-07-21, last_modified-None, order-None
2022-07-21 08:56:13.633506 from_date-2022-07-21, to_date-2022-07-21, last_modified-None, order-None
2022-07-21 08:57:13.748530 from_date-2022-07-21, to_date-2022-07-21, last_modified-None, order-None
2022-07-21 08:58:13.654124 from_date-2022-07-21, to_date-2022-07-21, last_modified-None, order-None
2022-07-21 08:59:13.669729 from_date-2022-07-21, to_date-2022-07-21, last_modified-None, order-None
2022-07-21 09:00:13.690325 from_date-2022-07-21, to_date-2022-07-21, last_modified-None, order-None
2022-07-21 09:00:51.531722 from_date-2022-07-21, to_date-2022-07-21, last_modified-None, order-None
2022-07-21 09:01:13.850611 from_date-2022-07-21, to_date-2022-07-21, last_modified-None, order-None
2022-07-21 09:02:13.739219 from_date-2022-07-21, to_date-2022-07-21, last_modified-None, order-None
2022-07-21 09:03:13.733388 from_date-2022-07-21, to_date-2022-07-21, last_modified-None, order-None
2022-07-21 09:04:13.698449 from_date-2022-07-21, to_date-2022-07-21, last_modified-None, order-None
2022-07-21 09:05:13.707101 from_date-2022-07-21, to_date-2022-07-21, last_modified-None, order-None
2022-07-21 09:06:13.713253 from_date-2022-07-21, to_date-2022-07-21, last_modified-None, order-None
2022-07-21 09:07:13.823951 from_date-2022-07-21, to_date-2022-07-21, last_modified-None, order-None
2022-07-21 09:08:13.749232 from_date-2022-07-21, to_date-2022-07-21, last_modified-None, order-None
2022-07-21 09:09:13.909237 from_date-2022-07-21, to_date-2022-07-21, last_modified-None, order-None
2022-07-21 09:10:13.759991 from_date-2022-07-21, to_date-2022-07-21, last_modified-None, order-None
2022-07-21 09:10:22.231180 from_date-2022-07-20, to_date-2022-07-20, last_modified-None, order-None
2022-07-21 09:11:13.760314 from_date-2022-07-21, to_date-2022-07-21, last_modified-None, order-None
2022-07-21 09:12:13.839111 from_date-2022-07-21, to_date-2022-07-21, last_modified-None, order-None
2022-07-21 09:13:13.780442 from_date-2022-07-21, to_date-2022-07-21, last_modified-None, order-None
2022-07-21 09:14:13.779632 from_date-2022-07-21, to_date-2022-07-21, last_modified-None, order-None
2022-07-21 09:15:13.779982 from_date-2022-07-21, to_date-2022-07-21, last_modified-None, order-None
2022-07-21 09:16:13.821614 from_date-2022-07-21, to_date-2022-07-21, last_modified-None, order-None
2022-07-21 09:17:13.888973 from_date-2022-07-21, to_date-2022-07-21, last_modified-None, order-None
2022-07-21 09:18:13.791390 from_date-2022-07-21, to_date-2022-07-21, last_modified-None, order-None
2022-07-21 09:19:13.784319 from_date-2022-07-21, to_date-2022-07-21, last_modified-None, order-None
2022-07-21 09:20:13.803688 from_date-2022-07-21, to_date-2022-07-21, last_modified-None, order-None
2022-07-21 09:20:23.767462 from_date-2022-07-21, to_date-2022-07-21, last_modified-None, order-None
2022-07-21 09:21:13.825239 from_date-2022-07-21, to_date-2022-07-21, last_modified-None, order-None
2022-07-21 09:22:13.851074 from_date-2022-07-21, to_date-2022-07-21, last_modified-None, order-None
2022-07-21 09:23:13.902993 from_date-2022-07-21, to_date-2022-07-21, last_modified-None, order-None
2022-07-21 09:24:13.814042 from_date-2022-07-21, to_date-2022-07-21, last_modified-None, order-None
2022-07-21 09:25:13.829475 from_date-2022-07-21, to_date-2022-07-21, last_modified-None, order-None
2022-07-21 09:25:20.676334 from_date-2022-07-21, to_date-2022-07-21, last_modified-None, order-None
2022-07-21 09:26:13.808872 from_date-2022-07-21, to_date-2022-07-21, last_modified-None, order-None
2022-07-21 09:27:13.904047 from_date-2022-07-21, to_date-2022-07-21, last_modified-None, order-None
2022-07-21 09:28:13.810061 from_date-2022-07-21, to_date-2022-07-21, last_modified-None, order-None
2022-07-21 09:29:13.815409 from_date-2022-07-21, to_date-2022-07-21, last_modified-None, order-None
2022-07-21 09:30:13.829713 from_date-2022-07-21, to_date-2022-07-21, last_modified-None, order-None
2022-07-21 09:30:20.731712 from_date-2022-07-21, to_date-2022-07-21, last_modified-None, order-None
2022-07-21 09:31:13.859822 from_date-2022-07-21, to_date-2022-07-21, last_modified-None, order-None
2022-07-21 09:32:13.914016 from_date-2022-07-21, to_date-2022-07-21, last_modified-None, order-None
2022-07-21 09:33:13.861859 from_date-2022-07-21, to_date-2022-07-21, last_modified-None, order-None
2022-07-21 09:34:13.865032 from_date-2022-07-21, to_date-2022-07-21, last_modified-None, order-None
2022-07-21 09:35:13.883349 from_date-2022-07-21, to_date-2022-07-21, last_modified-None, order-None
2022-07-21 09:35:20.760177 from_date-2022-07-21, to_date-2022-07-21, last_modified-None, order-None
2022-07-21 09:36:13.879097 from_date-2022-07-21, to_date-2022-07-21, last_modified-None, order-None
2022-07-21 09:37:13.939279 from_date-2022-07-21, to_date-2022-07-21, last_modified-None, order-None
2022-07-21 09:38:13.879179 from_date-2022-07-21, to_date-2022-07-21, last_modified-None, order-None
2022-07-21 09:39:13.889161 from_date-2022-07-21, to_date-2022-07-21, last_modified-None, order-None
2022-07-21 09:40:13.900215 from_date-2022-07-21, to_date-2022-07-21, last_modified-None, order-None
2022-07-21 09:40:20.768732 from_date-2022-07-21, to_date-2022-07-21, last_modified-None, order-None
2022-07-21 09:41:13.924294 from_date-2022-07-21, to_date-2022-07-21, last_modified-None, order-None
2022-07-21 09:42:14.002828 from_date-2022-07-21, to_date-2022-07-21, last_modified-None, order-None
2022-07-21 09:43:13.924390 from_date-2022-07-21, to_date-2022-07-21, last_modified-None, order-None
2022-07-21 09:44:13.931055 from_date-2022-07-21, to_date-2022-07-21, last_modified-None, order-None
2022-07-21 09:45:13.937784 from_date-2022-07-21, to_date-2022-07-21, last_modified-None, order-None
2022-07-21 09:45:20.729960 from_date-2022-07-21, to_date-2022-07-21, last_modified-None, order-None
2022-07-21 09:46:13.944552 from_date-2022-07-21, to_date-2022-07-21, last_modified-None, order-None
2022-07-21 09:47:14.014768 from_date-2022-07-21, to_date-2022-07-21, last_modified-None, order-None
2022-07-21 09:48:13.958947 from_date-2022-07-21, to_date-2022-07-21, last_modified-None, order-None
2022-07-21 09:49:13.965851 from_date-2022-07-21, to_date-2022-07-21, last_modified-None, order-None
2022-07-21 09:50:13.957676 from_date-2022-07-21, to_date-2022-07-21, last_modified-None, order-None
2022-07-21 09:50:20.733332 from_date-2022-07-21, to_date-2022-07-21, last_modified-None, order-None
2022-07-21 09:51:13.935026 from_date-2022-07-21, to_date-2022-07-21, last_modified-None, order-None
2022-07-21 09:52:13.999727 from_date-2022-07-21, to_date-2022-07-21, last_modified-None, order-None
2022-07-21 09:53:13.999667 from_date-2022-07-21, to_date-2022-07-21, last_modified-None, order-None
2022-07-21 09:54:14.008354 from_date-2022-07-21, to_date-2022-07-21, last_modified-None, order-None
2022-07-21 09:55:13.981387 from_date-2022-07-21, to_date-2022-07-21, last_modified-None, order-None
2022-07-21 09:55:20.707576 from_date-2022-07-21, to_date-2022-07-21, last_modified-None, order-None
2022-07-21 09:56:14.006452 from_date-2022-07-21, to_date-2022-07-21, last_modified-None, order-None
2022-07-21 09:57:14.074820 from_date-2022-07-21, to_date-2022-07-21, last_modified-None, order-None
2022-07-21 09:58:14.246070 from_date-2022-07-21, to_date-2022-07-21, last_modified-None, order-None
2022-07-21 09:59:14.096075 from_date-2022-07-21, to_date-2022-07-21, last_modified-None, order-None
2022-07-21 10:00:14.029603 from_date-2022-07-21, to_date-2022-07-21, last_modified-None, order-None
2022-07-21 10:00:20.734313 from_date-2022-07-21, to_date-2022-07-21, last_modified-None, order-None
2022-07-21 10:01:14.004800 from_date-2022-07-21, to_date-2022-07-21, last_modified-None, order-None
2022-07-21 10:02:14.035472 from_date-2022-07-21, to_date-2022-07-21, last_modified-None, order-None
2022-07-21 10:03:14.115370 from_date-2022-07-21, to_date-2022-07-21, last_modified-None, order-None
2022-07-21 10:04:14.066091 from_date-2022-07-21, to_date-2022-07-21, last_modified-None, order-None
2022-07-21 10:05:14.092501 from_date-2022-07-21, to_date-2022-07-21, last_modified-None, order-None
2022-07-21 10:05:20.750843 from_date-2022-07-21, to_date-2022-07-21, last_modified-None, order-None
2022-07-21 10:06:14.060264 from_date-2022-07-21, to_date-2022-07-21, last_modified-None, order-None
2022-07-21 10:07:14.099074 from_date-2022-07-21, to_date-2022-07-21, last_modified-None, order-None
2022-07-21 10:08:14.140186 from_date-2022-07-21, to_date-2022-07-21, last_modified-None, order-None
2022-07-21 10:09:14.130262 from_date-2022-07-21, to_date-2022-07-21, last_modified-None, order-None
2022-07-21 10:10:14.125282 from_date-2022-07-21, to_date-2022-07-21, last_modified-None, order-None
2022-07-21 10:10:20.711659 from_date-2022-07-21, to_date-2022-07-21, last_modified-None, order-None
2022-07-21 10:11:14.177471 from_date-2022-07-21, to_date-2022-07-21, last_modified-None, order-None
2022-07-21 10:12:14.131243 from_date-2022-07-21, to_date-2022-07-21, last_modified-None, order-None
2022-07-21 10:13:14.204287 from_date-2022-07-21, to_date-2022-07-21, last_modified-None, order-None
2022-07-21 10:14:14.146471 from_date-2022-07-21, to_date-2022-07-21, last_modified-None, order-None
2022-07-21 10:15:14.174743 from_date-2022-07-21, to_date-2022-07-21, last_modified-None, order-None
2022-07-21 10:15:20.709428 from_date-2022-07-21, to_date-2022-07-21, last_modified-None, order-None
2022-07-21 10:16:14.150001 from_date-2022-07-21, to_date-2022-07-21, last_modified-None, order-None
2022-07-21 10:17:14.153379 from_date-2022-07-21, to_date-2022-07-21, last_modified-None, order-None
2022-07-21 10:18:14.194515 from_date-2022-07-21, to_date-2022-07-21, last_modified-None, order-None
2022-07-21 10:19:14.129621 from_date-2022-07-21, to_date-2022-07-21, last_modified-None, order-None
2022-07-21 10:20:14.177073 from_date-2022-07-21, to_date-2022-07-21, last_modified-None, order-None
2022-07-21 10:20:20.711482 from_date-2022-07-21, to_date-2022-07-21, last_modified-None, order-None
2022-07-21 10:21:14.164570 from_date-2022-07-21, to_date-2022-07-21, last_modified-None, order-None
2022-07-21 10:22:14.156057 from_date-2022-07-21, to_date-2022-07-21, last_modified-None, order-None
2022-07-21 10:23:14.269290 from_date-2022-07-21, to_date-2022-07-21, last_modified-None, order-None
2022-07-21 10:24:14.177543 from_date-2022-07-21, to_date-2022-07-21, last_modified-None, order-None
2022-07-21 10:25:14.225020 from_date-2022-07-21, to_date-2022-07-21, last_modified-None, order-None
2022-07-21 10:25:20.688943 from_date-2022-07-21, to_date-2022-07-21, last_modified-None, order-None
2022-07-21 10:26:14.234534 from_date-2022-07-21, to_date-2022-07-21, last_modified-None, order-None
2022-07-21 10:27:14.250005 from_date-2022-07-21, to_date-2022-07-21, last_modified-None, order-None
2022-07-21 10:28:14.578140 from_date-2022-07-21, to_date-2022-07-21, last_modified-None, order-None
2022-07-21 10:29:14.245718 from_date-2022-07-21, to_date-2022-07-21, last_modified-None, order-None
2022-07-21 10:30:14.250357 from_date-2022-07-21, to_date-2022-07-21, last_modified-None, order-None
2022-07-21 10:30:20.675128 from_date-2022-07-21, to_date-2022-07-21, last_modified-None, order-None
2022-07-21 10:31:14.236034 from_date-2022-07-21, to_date-2022-07-21, last_modified-None, order-None
2022-07-21 10:32:14.266453 from_date-2022-07-21, to_date-2022-07-21, last_modified-None, order-None
2022-07-21 10:33:14.313195 from_date-2022-07-21, to_date-2022-07-21, last_modified-None, order-None
2022-07-21 10:34:14.268234 from_date-2022-07-21, to_date-2022-07-21, last_modified-None, order-None
2022-07-21 10:34:44.503024 from_date-2022-07-21, to_date-2022-07-21, last_modified-None, order-None
2022-07-21 10:34:59.486624 from_date-None, to_date-None, last_modified-2022-07-19 09:26:41.947573, order-None
2022-07-21 10:35:14.294529 from_date-2022-07-21, to_date-2022-07-21, last_modified-None, order-None
2022-07-21 10:36:14.310647 from_date-2022-07-21, to_date-2022-07-21, last_modified-None, order-None
2022-07-21 10:37:14.290588 from_date-2022-07-21, to_date-2022-07-21, last_modified-None, order-None
2022-07-21 10:38:14.354930 from_date-2022-07-21, to_date-2022-07-21, last_modified-None, order-None
2022-07-21 10:39:14.335992 from_date-2022-07-21, to_date-2022-07-21, last_modified-None, order-None
2022-07-21 10:40:14.372765 from_date-2022-07-21, to_date-2022-07-21, last_modified-None, order-None
2022-07-21 10:41:14.331877 from_date-2022-07-21, to_date-2022-07-21, last_modified-None, order-None
2022-07-21 10:42:14.319818 from_date-2022-07-21, to_date-2022-07-21, last_modified-None, order-None
2022-07-21 10:43:14.417658 from_date-2022-07-21, to_date-2022-07-21, last_modified-None, order-None
2022-07-21 10:44:14.355667 from_date-2022-07-21, to_date-2022-07-21, last_modified-None, order-None
2022-07-21 10:44:17.785380 from_date-None, to_date-None, last_modified-, order-None
2022-07-21 10:45:14.384156 from_date-2022-07-21, to_date-2022-07-21, last_modified-None, order-None
2022-07-21 10:46:14.380875 from_date-2022-07-21, to_date-2022-07-21, last_modified-None, order-None
2022-07-21 10:46:39.988534 from_date-None, to_date-None, last_modified-2022-07-21 11:26:41.947573, order-None
2022-07-21 10:47:08.997732 from_date-None, to_date-None, last_modified-2022-07-21 11:26:41.947573, order-None
2022-07-21 10:47:14.398991 from_date-2022-07-21, to_date-2022-07-21, last_modified-None, order-None
2022-07-21 10:48:14.434629 from_date-2022-07-21, to_date-2022-07-21, last_modified-None, order-None
2022-07-21 10:48:20.504141 from_date-None, to_date-None, last_modified-2022-07-21 11:26:41.947573, order-None
2022-07-21 10:48:35.027754 from_date-None, to_date-None, last_modified-2022-07-21 11:26:41.947573, order-None
2022-07-21 10:49:14.400126 from_date-2022-07-21, to_date-2022-07-21, last_modified-None, order-None
2022-07-21 10:50:14.435268 from_date-2022-07-21, to_date-2022-07-21, last_modified-None, order-None
2022-07-21 10:51:14.476463 from_date-2022-07-21, to_date-2022-07-21, last_modified-None, order-None
2022-07-21 10:51:17.551782 from_date-None, to_date-None, last_modified-2022-07-21 11:26:41.947573, order-None
2022-07-21 10:52:14.465163 from_date-2022-07-21, to_date-2022-07-21, last_modified-None, order-None
2022-07-21 10:53:14.519725 from_date-2022-07-21, to_date-2022-07-21, last_modified-None, order-None
2022-07-21 10:54:14.480695 from_date-2022-07-21, to_date-2022-07-21, last_modified-None, order-None
2022-07-21 10:55:14.501487 from_date-2022-07-21, to_date-2022-07-21, last_modified-None, order-None
2022-07-21 10:56:14.510211 from_date-2022-07-21, to_date-2022-07-21, last_modified-None, order-None
2022-07-21 10:56:21.875353 from_date-None, to_date-None, last_modified-2022-07-21 13:50:28.887016, order-None
2022-07-21 10:57:14.520731 from_date-2022-07-21, to_date-2022-07-21, last_modified-None, order-None
2022-07-21 10:58:14.570482 from_date-2022-07-21, to_date-2022-07-21, last_modified-None, order-None
2022-07-21 10:59:14.529459 from_date-2022-07-21, to_date-2022-07-21, last_modified-None, order-None
2022-07-21 11:00:14.533214 from_date-2022-07-21, to_date-2022-07-21, last_modified-None, order-None
2022-07-21 11:01:14.540469 from_date-2022-07-21, to_date-2022-07-21, last_modified-None, order-None
2022-07-21 11:02:14.550603 from_date-2022-07-21, to_date-2022-07-21, last_modified-None, order-None
2022-07-21 11:03:14.800296 from_date-2022-07-21, to_date-2022-07-21, last_modified-None, order-None
2022-07-21 11:04:14.541041 from_date-2022-07-21, to_date-2022-07-21, last_modified-None, order-None
2022-07-21 11:04:51.757432 from_date-None, to_date-None, last_modified-2022-07-21 13:50:28.887016, order-None
2022-07-21 11:05:14.575550 from_date-2022-07-21, to_date-2022-07-21, last_modified-None, order-None
2022-07-21 11:06:14.585326 from_date-2022-07-21, to_date-2022-07-21, last_modified-None, order-None
2022-07-21 11:07:14.589046 from_date-2022-07-21, to_date-2022-07-21, last_modified-None, order-None
2022-07-21 11:08:14.673217 from_date-2022-07-21, to_date-2022-07-21, last_modified-None, order-None
2022-07-21 11:09:14.612285 from_date-2022-07-21, to_date-2022-07-21, last_modified-None, order-None
2022-07-21 11:10:14.631096 from_date-2022-07-21, to_date-2022-07-21, last_modified-None, order-None
2022-07-21 11:11:14.627274 from_date-2022-07-21, to_date-2022-07-21, last_modified-None, order-None
2022-07-21 11:12:14.636115 from_date-2022-07-21, to_date-2022-07-21, last_modified-None, order-None
2022-07-21 11:13:14.753963 from_date-2022-07-21, to_date-2022-07-21, last_modified-None, order-None
2022-07-21 11:14:14.680952 from_date-2022-07-21, to_date-2022-07-21, last_modified-None, order-None
2022-07-21 11:15:14.680976 from_date-2022-07-21, to_date-2022-07-21, last_modified-None, order-None
2022-07-21 11:16:14.705977 from_date-2022-07-21, to_date-2022-07-21, last_modified-None, order-None
2022-07-21 11:17:14.710176 from_date-2022-07-21, to_date-2022-07-21, last_modified-None, order-None
2022-07-21 11:18:14.859521 from_date-2022-07-21, to_date-2022-07-21, last_modified-None, order-None
2022-07-21 11:19:14.729899 from_date-2022-07-21, to_date-2022-07-21, last_modified-None, order-None
2022-07-21 11:20:14.713663 from_date-2022-07-21, to_date-2022-07-21, last_modified-None, order-None
2022-07-21 11:21:14.730199 from_date-2022-07-21, to_date-2022-07-21, last_modified-None, order-None
2022-07-21 11:22:14.737460 from_date-2022-07-21, to_date-2022-07-21, last_modified-None, order-None
2022-07-21 11:23:14.824568 from_date-2022-07-21, to_date-2022-07-21, last_modified-None, order-None
2022-07-21 11:24:14.786509 from_date-2022-07-21, to_date-2022-07-21, last_modified-None, order-None
2022-07-21 11:25:14.804561 from_date-2022-07-21, to_date-2022-07-21, last_modified-None, order-None
2022-07-21 11:26:14.775877 from_date-2022-07-21, to_date-2022-07-21, last_modified-None, order-None
2022-07-21 11:27:14.910242 from_date-2022-07-21, to_date-2022-07-21, last_modified-None, order-None
2022-07-21 11:28:14.882409 from_date-2022-07-21, to_date-2022-07-21, last_modified-None, order-None
2022-07-21 11:29:14.792053 from_date-2022-07-21, to_date-2022-07-21, last_modified-None, order-None
2022-07-21 11:30:14.815362 from_date-2022-07-21, to_date-2022-07-21, last_modified-None, order-None
2022-07-21 11:31:14.814633 from_date-2022-07-21, to_date-2022-07-21, last_modified-None, order-None
2022-07-21 11:32:14.841546 from_date-2022-07-21, to_date-2022-07-21, last_modified-None, order-None
2022-07-21 11:33:14.929324 from_date-2022-07-21, to_date-2022-07-21, last_modified-None, order-None
2022-07-21 11:34:14.853690 from_date-2022-07-21, to_date-2022-07-21, last_modified-None, order-None
2022-07-21 11:35:14.869681 from_date-2022-07-21, to_date-2022-07-21, last_modified-None, order-None
2022-07-21 11:36:14.922585 from_date-2022-07-21, to_date-2022-07-21, last_modified-None, order-None
2022-07-21 11:37:14.871419 from_date-2022-07-21, to_date-2022-07-21, last_modified-None, order-None
2022-07-21 11:38:15.011387 from_date-2022-07-21, to_date-2022-07-21, last_modified-None, order-None
2022-07-21 11:39:14.899216 from_date-2022-07-21, to_date-2022-07-21, last_modified-None, order-None
2022-07-21 11:40:14.861467 from_date-2022-07-21, to_date-2022-07-21, last_modified-None, order-None
2022-07-21 11:41:14.859999 from_date-2022-07-21, to_date-2022-07-21, last_modified-None, order-None
2022-07-21 11:42:14.867041 from_date-2022-07-21, to_date-2022-07-21, last_modified-None, order-None
2022-07-21 11:43:14.923400 from_date-2022-07-21, to_date-2022-07-21, last_modified-None, order-None
2022-07-21 11:45:50.685688 from_date-None, to_date-None, last_modified-2022-07-21 01:26:41.947573, order-None
2022-07-21 11:46:50.489581 from_date-None, to_date-None, last_modified-2022-07-16 01:25:43.695437, order-None
2022-07-21 11:48:38.004875 from_date-2022-07-21, to_date-2022-07-21, last_modified-None, order-None
2022-07-21 11:53:34.834768 from_date-2022-07-21, to_date-2022-07-21, last_modified-None, order-None
2022-07-21 11:54:46.749432 from_date-None, to_date-None, last_modified-2022-07-15 20:15:20.815305, order-None
2022-07-21 11:57:50.290090 from_date-None, to_date-None, last_modified-2022-07-15 19:45:14.986570, order-None
2022-07-21 11:58:34.968895 from_date-2022-07-21, to_date-2022-07-21, last_modified-None, order-None
2022-07-21 12:03:12.822566 from_date-None, to_date-None, last_modified-2022-06-21 12:21:08.149839, order-None
2022-07-21 12:03:34.914638 from_date-2022-07-21, to_date-2022-07-21, last_modified-None, order-None
2022-07-21 12:04:52.889537 from_date-None, to_date-None, last_modified-None, order-None
2022-07-21 12:06:32.850365 from_date-None, to_date-None, last_modified-2022-06-21 12:21:08.149839, order-None
2022-07-21 12:08:13.132304 from_date-None, to_date-None, last_modified-None, order-None
2022-07-21 12:08:34.864007 from_date-2022-07-21, to_date-2022-07-21, last_modified-None, order-None
2022-07-21 12:09:52.885070 from_date-None, to_date-None, last_modified-2022-06-21 12:21:08.149839, order-None
2022-07-21 12:11:15.597863 from_date-None, to_date-None, last_modified-2022-07-21 09:12:17, order-None
2022-07-21 12:11:32.893452 from_date-None, to_date-None, last_modified-2022-06-21 12:21:08.149839, order-None
2022-07-21 12:13:13.012005 from_date-None, to_date-None, last_modified-2022-06-21 12:21:08.149839, order-None
2022-07-21 12:13:35.604615 from_date-2022-07-21, to_date-2022-07-21, last_modified-None, order-None
2022-07-21 12:14:53.101259 from_date-None, to_date-None, last_modified-None, order-None
2022-07-21 12:16:32.963244 from_date-None, to_date-None, last_modified-2022-06-21 12:21:08.149839, order-None
2022-07-21 12:18:13.103620 from_date-None, to_date-None, last_modified-2022-06-21 12:21:08.149839, order-None
2022-07-21 12:18:34.920177 from_date-2022-07-21, to_date-2022-07-21, last_modified-None, order-None
2022-07-21 12:19:53.026105 from_date-None, to_date-None, last_modified-2022-06-21 12:21:08.149839, order-None
2022-07-21 12:21:33.030678 from_date-None, to_date-None, last_modified-2022-06-21 12:21:08.149839, order-None
2022-07-21 12:23:13.184031 from_date-None, to_date-None, last_modified-2022-06-21 12:21:08.149839, order-None
2022-07-21 12:23:34.875553 from_date-2022-07-21, to_date-2022-07-21, last_modified-None, order-None
2022-07-21 12:24:53.076567 from_date-None, to_date-None, last_modified-2022-06-21 12:21:08.149839, order-None
2022-07-21 12:26:33.120049 from_date-None, to_date-None, last_modified-2022-06-21 12:21:08.149839, order-None
2022-07-21 12:28:13.235735 from_date-None, to_date-None, last_modified-2022-06-21 12:21:08.149839, order-None
2022-07-21 12:28:35.076261 from_date-2022-07-21, to_date-2022-07-21, last_modified-None, order-None
2022-07-21 12:29:53.181844 from_date-None, to_date-None, last_modified-2022-06-21 12:21:08.149839, order-None
2022-07-21 12:31:33.250228 from_date-None, to_date-None, last_modified-2022-06-21 12:21:08.149839, order-None
2022-07-21 12:33:13.283632 from_date-None, to_date-None, last_modified-2022-06-21 12:21:08.149839, order-None
2022-07-21 12:33:34.897377 from_date-2022-07-21, to_date-2022-07-21, last_modified-None, order-None
2022-07-21 12:34:53.243710 from_date-None, to_date-None, last_modified-2022-06-21 12:21:08.149839, order-None
2022-07-21 12:36:33.276624 from_date-None, to_date-None, last_modified-2022-06-21 12:21:08.149839, order-None
2022-07-21 12:38:13.371597 from_date-None, to_date-None, last_modified-2022-06-21 12:21:08.149839, order-None
2022-07-21 12:38:34.892136 from_date-2022-07-21, to_date-2022-07-21, last_modified-None, order-None
2022-07-21 12:39:53.334856 from_date-None, to_date-None, last_modified-2022-06-21 12:21:08.149839, order-None
2022-07-21 12:41:33.353367 from_date-None, to_date-None, last_modified-2022-06-21 12:21:08.149839, order-None
2022-07-21 12:43:13.462109 from_date-None, to_date-None, last_modified-2022-06-21 12:21:08.149839, order-None
2022-07-21 12:43:34.902657 from_date-2022-07-21, to_date-2022-07-21, last_modified-None, order-None
2022-07-21 12:44:53.551839 from_date-None, to_date-None, last_modified-None, order-None
2022-07-21 12:46:33.445703 from_date-None, to_date-None, last_modified-2022-06-21 12:21:08.149839, order-None
2022-07-21 12:48:13.539502 from_date-None, to_date-None, last_modified-2022-06-21 12:21:08.149839, order-None
2022-07-21 12:48:34.918843 from_date-2022-07-21, to_date-2022-07-21, last_modified-None, order-None
2022-07-21 12:49:53.499029 from_date-None, to_date-None, last_modified-2022-06-21 12:21:08.149839, order-None
2022-07-21 12:51:33.510781 from_date-None, to_date-None, last_modified-2022-06-21 12:21:08.149839, order-None
2022-07-21 12:53:13.632203 from_date-None, to_date-None, last_modified-2022-06-21 12:21:08.149839, order-None
2022-07-21 12:53:34.893732 from_date-2022-07-21, to_date-2022-07-21, last_modified-None, order-None
2022-07-21 12:54:53.599258 from_date-None, to_date-None, last_modified-2022-06-21 12:21:08.149839, order-None
2022-07-21 12:56:33.612899 from_date-None, to_date-None, last_modified-2022-06-21 12:21:08.149839, order-None
2022-07-21 12:58:13.678092 from_date-None, to_date-None, last_modified-2022-06-21 12:21:08.149839, order-None
2022-07-21 12:58:34.892139 from_date-2022-07-21, to_date-2022-07-21, last_modified-None, order-None
2022-07-21 12:59:53.636391 from_date-None, to_date-None, last_modified-2022-06-21 12:21:08.149839, order-None
2022-07-21 13:01:33.664841 from_date-None, to_date-None, last_modified-2022-06-21 12:21:08.149839, order-None
2022-07-21 13:03:13.738691 from_date-None, to_date-None, last_modified-2022-06-21 12:21:08.149839, order-None
2022-07-21 13:03:35.071490 from_date-2022-07-21, to_date-2022-07-21, last_modified-None, order-None
2022-07-21 13:04:53.697927 from_date-None, to_date-None, last_modified-2022-06-21 12:21:08.149839, order-None
2022-07-21 13:06:33.747759 from_date-None, to_date-None, last_modified-2022-06-21 12:21:08.149839, order-None
2022-07-21 13:08:13.837990 from_date-None, to_date-None, last_modified-2022-06-21 12:21:08.149839, order-None
2022-07-21 13:08:34.917823 from_date-2022-07-21, to_date-2022-07-21, last_modified-None, order-None
2022-07-21 13:09:53.770314 from_date-None, to_date-None, last_modified-2022-06-21 12:21:08.149839, order-None
2022-07-21 13:11:33.797001 from_date-None, to_date-None, last_modified-2022-06-21 12:21:08.149839, order-None
2022-07-21 13:13:13.852345 from_date-None, to_date-None, last_modified-2022-06-21 12:21:08.149839, order-None
2022-07-21 13:13:34.929439 from_date-2022-07-21, to_date-2022-07-21, last_modified-None, order-None
2022-07-21 13:14:53.853355 from_date-None, to_date-None, last_modified-2022-06-21 12:21:08.149839, order-None
2022-07-21 13:16:33.877012 from_date-None, to_date-None, last_modified-2022-06-21 12:21:08.149839, order-None
2022-07-21 13:18:13.925679 from_date-None, to_date-None, last_modified-2022-06-21 12:21:08.149839, order-None
2022-07-21 13:19:53.935061 from_date-None, to_date-None, last_modified-2022-06-21 12:21:08.149839, order-None
2022-07-21 13:21:33.936320 from_date-None, to_date-None, last_modified-2022-06-21 12:21:08.149839, order-None
2022-07-21 13:23:14.011539 from_date-None, to_date-None, last_modified-2022-06-21 12:21:08.149839, order-None
2022-07-21 13:24:53.981318 from_date-None, to_date-None, last_modified-2022-06-21 12:21:08.149839, order-None
2022-07-21 13:26:34.014559 from_date-None, to_date-None, last_modified-2022-06-21 12:21:08.149839, order-None
2022-07-21 13:28:14.121689 from_date-None, to_date-None, last_modified-2022-06-21 12:21:08.149839, order-None
2022-07-21 13:29:54.069170 from_date-None, to_date-None, last_modified-2022-06-21 12:21:08.149839, order-None
2022-07-21 13:31:34.153348 from_date-None, to_date-None, last_modified-2022-06-21 12:21:08.149839, order-None
2022-07-21 13:33:14.160544 from_date-None, to_date-None, last_modified-2022-06-21 12:21:08.149839, order-None
2022-07-21 13:34:54.143881 from_date-None, to_date-None, last_modified-2022-06-21 12:21:08.149839, order-None
2022-07-21 13:36:34.192686 from_date-None, to_date-None, last_modified-2022-06-21 12:21:08.149839, order-None
2022-07-21 13:38:14.264953 from_date-None, to_date-None, last_modified-2022-06-21 12:21:08.149839, order-None
2022-07-21 13:39:54.498786 from_date-None, to_date-None, last_modified-2022-06-21 12:21:08.149839, order-None
2022-07-21 13:41:34.256572 from_date-None, to_date-None, last_modified-2022-06-21 12:21:08.149839, order-None
2022-07-21 13:43:14.356027 from_date-None, to_date-None, last_modified-2022-06-21 12:21:08.149839, order-None
2022-07-21 13:44:54.262747 from_date-None, to_date-None, last_modified-2022-06-21 12:21:08.149839, order-None
2022-07-21 13:46:34.310954 from_date-None, to_date-None, last_modified-2022-06-21 12:21:08.149839, order-None
2022-07-21 13:48:14.371601 from_date-None, to_date-None, last_modified-2022-06-21 12:21:08.149839, order-None
2022-07-21 13:49:54.534028 from_date-None, to_date-None, last_modified-None, order-None
2022-07-21 13:51:34.403079 from_date-None, to_date-None, last_modified-2022-06-21 12:21:08.149839, order-None
2022-07-21 13:53:14.511307 from_date-None, to_date-None, last_modified-2022-06-21 12:21:08.149839, order-None
2022-07-21 13:54:54.411361 from_date-None, to_date-None, last_modified-2022-06-21 12:21:08.149839, order-None
2022-07-21 13:56:34.463139 from_date-None, to_date-None, last_modified-2022-06-21 12:21:08.149839, order-None
2022-07-21 13:58:14.533346 from_date-None, to_date-None, last_modified-2022-06-21 12:21:08.149839, order-None
2022-07-21 13:59:54.491318 from_date-None, to_date-None, last_modified-2022-06-21 12:21:08.149839, order-None
2022-07-21 14:01:34.531132 from_date-None, to_date-None, last_modified-2022-06-21 12:21:08.149839, order-None
2022-07-21 14:03:14.594105 from_date-None, to_date-None, last_modified-2022-06-21 12:21:08.149839, order-None
2022-07-21 14:04:54.731354 from_date-None, to_date-None, last_modified-None, order-None
2022-07-21 14:06:34.655860 from_date-None, to_date-None, last_modified-2022-06-21 12:21:08.149839, order-None
2022-07-21 14:08:15.043868 from_date-None, to_date-None, last_modified-None, order-None
2022-07-21 14:09:54.633152 from_date-None, to_date-None, last_modified-2022-06-21 12:21:08.149839, order-None
2022-07-21 14:11:34.666026 from_date-None, to_date-None, last_modified-2022-06-21 12:21:08.149839, order-None
2022-07-21 14:13:14.883911 from_date-None, to_date-None, last_modified-2022-06-21 12:21:08.149839, order-None
2022-07-21 14:14:54.719463 from_date-None, to_date-None, last_modified-2022-06-21 12:21:08.149839, order-None
2022-07-21 14:16:34.755906 from_date-None, to_date-None, last_modified-2022-06-21 12:21:08.149839, order-None
2022-07-21 14:18:15.209319 from_date-None, to_date-None, last_modified-2022-06-21 12:21:08.149839, order-None
2022-07-21 14:19:55.357160 from_date-None, to_date-None, last_modified-None, order-None
2022-07-21 14:21:35.244590 from_date-None, to_date-None, last_modified-2022-06-21 12:21:08.149839, order-None
2022-07-21 14:23:14.876020 from_date-None, to_date-None, last_modified-2022-06-21 12:21:08.149839, order-None
2022-07-21 14:24:54.851449 from_date-None, to_date-None, last_modified-2022-06-21 12:21:08.149839, order-None
2022-07-21 14:26:34.890393 from_date-None, to_date-None, last_modified-2022-06-21 12:21:08.149839, order-None
2022-07-21 14:28:14.955737 from_date-None, to_date-None, last_modified-2022-06-21 12:21:08.149839, order-None
2022-07-21 14:29:54.930651 from_date-None, to_date-None, last_modified-2022-06-21 12:21:08.149839, order-None
2022-07-21 14:31:34.969219 from_date-None, to_date-None, last_modified-2022-06-21 12:21:08.149839, order-None
2022-07-21 14:33:15.029798 from_date-None, to_date-None, last_modified-2022-06-21 12:21:08.149839, order-None
2022-07-21 14:34:55.018064 from_date-None, to_date-None, last_modified-2022-06-21 12:21:08.149839, order-None
2022-07-21 14:36:35.251271 from_date-None, to_date-None, last_modified-2022-06-21 12:21:08.149839, order-None
2022-07-21 14:38:15.138810 from_date-None, to_date-None, last_modified-2022-06-21 12:21:08.149839, order-None
2022-07-21 14:39:55.071272 from_date-None, to_date-None, last_modified-2022-06-21 12:21:08.149839, order-None
2022-07-21 14:41:35.116253 from_date-None, to_date-None, last_modified-2022-06-21 12:21:08.149839, order-None
2022-07-21 14:43:15.174813 from_date-None, to_date-None, last_modified-2022-06-21 12:21:08.149839, order-None
2022-07-21 14:44:55.149426 from_date-None, to_date-None, last_modified-None, order-None
2022-07-21 14:46:35.193816 from_date-None, to_date-None, last_modified-2022-06-21 12:21:08.149839, order-None
2022-07-21 14:48:15.707161 from_date-None, to_date-None, last_modified-2022-06-21 12:21:08.149839, order-None
2022-07-21 14:49:55.245896 from_date-None, to_date-None, last_modified-2022-06-21 12:21:08.149839, order-None
2022-07-21 14:51:35.255929 from_date-None, to_date-None, last_modified-2022-06-21 12:21:08.149839, order-None
2022-07-21 14:53:15.347854 from_date-None, to_date-None, last_modified-2022-06-21 12:21:08.149839, order-None
2022-07-21 14:54:55.282484 from_date-None, to_date-None, last_modified-2022-06-21 12:21:08.149839, order-None
2022-07-21 14:56:35.314476 from_date-None, to_date-None, last_modified-2022-06-21 12:21:08.149839, order-None
2022-07-21 14:58:15.398309 from_date-None, to_date-None, last_modified-2022-06-21 12:21:08.149839, order-None
2022-07-21 14:59:55.424118 from_date-None, to_date-None, last_modified-2022-06-21 12:21:08.149839, order-None
2022-07-21 15:01:35.613713 from_date-None, to_date-None, last_modified-None, order-None
2022-07-21 15:03:15.498658 from_date-None, to_date-None, last_modified-2022-06-21 12:21:08.149839, order-None
2022-07-21 15:04:55.456968 from_date-None, to_date-None, last_modified-2022-06-21 12:21:08.149839, order-None
2022-07-21 15:06:35.466619 from_date-None, to_date-None, last_modified-2022-06-21 12:21:08.149839, order-None
2022-07-21 15:08:15.550985 from_date-None, to_date-None, last_modified-2022-06-21 12:21:08.149839, order-None
2022-07-21 15:09:55.518143 from_date-None, to_date-None, last_modified-2022-06-21 12:21:08.149839, order-None
2022-07-21 15:11:35.576706 from_date-None, to_date-None, last_modified-2022-06-21 12:21:08.149839, order-None
2022-07-21 15:13:15.658718 from_date-None, to_date-None, last_modified-2022-06-21 12:21:08.149839, order-None
2022-07-21 15:14:55.599027 from_date-None, to_date-None, last_modified-2022-06-21 12:21:08.149839, order-None
2022-07-21 15:16:35.759649 from_date-None, to_date-None, last_modified-None, order-None
2022-07-21 15:18:15.750074 from_date-None, to_date-None, last_modified-2022-06-21 12:21:08.149839, order-None
2022-07-21 15:19:55.720610 from_date-None, to_date-None, last_modified-2022-06-21 12:21:08.149839, order-None
2022-07-21 15:21:35.699215 from_date-None, to_date-None, last_modified-2022-06-21 12:21:08.149839, order-None
2022-07-21 15:23:15.800325 from_date-None, to_date-None, last_modified-2022-06-21 12:21:08.149839, order-None
2022-07-21 15:24:55.754626 from_date-None, to_date-None, last_modified-2022-06-21 12:21:08.149839, order-None
2022-07-21 15:26:35.784556 from_date-None, to_date-None, last_modified-2022-06-21 12:21:08.149839, order-None
2022-07-21 15:28:15.894217 from_date-None, to_date-None, last_modified-2022-06-21 12:21:08.149839, order-None
2022-07-21 15:29:55.836586 from_date-None, to_date-None, last_modified-2022-06-21 12:21:08.149839, order-None
2022-07-21 15:31:35.954176 from_date-None, to_date-None, last_modified-2022-06-21 12:21:08.149839, order-None
2022-07-21 15:33:15.949967 from_date-None, to_date-None, last_modified-2022-06-21 12:21:08.149839, order-None
2022-07-21 15:37:51.464099 from_date-None, to_date-None, last_modified-2022-06-21 12:21:08.149839, order-None
2022-07-21 15:41:51.888039 from_date-None, to_date-None, last_modified-2022-06-21 12:21:08.149839, order-None
2022-07-21 15:43:31.677179 from_date-None, to_date-None, last_modified-2022-06-21 12:21:08.149839, order-None
2022-07-21 15:45:11.584763 from_date-None, to_date-None, last_modified-None, order-None
2022-07-21 15:46:51.574063 from_date-None, to_date-None, last_modified-2022-06-21 12:21:08.149839, order-None
2022-07-21 15:48:31.668916 from_date-None, to_date-None, last_modified-2022-06-21 12:21:08.149839, order-None
2022-07-21 15:50:11.637901 from_date-None, to_date-None, last_modified-2022-06-21 12:21:08.149839, order-None
2022-07-21 15:51:51.665112 from_date-None, to_date-None, last_modified-2022-06-21 12:21:08.149839, order-None
2022-07-21 15:53:31.781586 from_date-None, to_date-None, last_modified-2022-06-21 12:21:08.149839, order-None
2022-07-21 15:55:11.712452 from_date-None, to_date-None, last_modified-2022-06-21 12:21:08.149839, order-None
2022-07-21 15:56:51.734617 from_date-None, to_date-None, last_modified-2022-06-21 12:21:08.149839, order-None
2022-07-21 15:58:31.806728 from_date-None, to_date-None, last_modified-2022-06-21 12:21:08.149839, order-None
2022-07-21 16:00:11.777173 from_date-None, to_date-None, last_modified-2022-06-21 12:21:08.149839, order-None
2022-07-21 16:01:51.989929 from_date-None, to_date-None, last_modified-None, order-None
2022-07-21 16:03:31.886848 from_date-None, to_date-None, last_modified-2022-06-21 12:21:08.149839, order-None
2022-07-21 16:05:11.851538 from_date-None, to_date-None, last_modified-2022-06-21 12:21:08.149839, order-None
2022-07-21 16:06:51.887017 from_date-None, to_date-None, last_modified-2022-06-21 12:21:08.149839, order-None
2022-07-21 16:08:31.991664 from_date-None, to_date-None, last_modified-2022-06-21 12:21:08.149839, order-None
2022-07-21 16:10:11.957817 from_date-None, to_date-None, last_modified-2022-06-21 12:21:08.149839, order-None
2022-07-21 16:11:52.550101 from_date-None, to_date-None, last_modified-2022-06-21 12:21:08.149839, order-None
2022-07-21 16:13:32.074116 from_date-None, to_date-None, last_modified-2022-06-21 12:21:08.149839, order-None
2022-07-21 16:15:12.103266 from_date-None, to_date-None, last_modified-2022-06-21 12:21:08.149839, order-None
2022-07-21 16:16:52.040976 from_date-None, to_date-None, last_modified-2022-06-21 12:21:08.149839, order-None
2022-07-21 16:18:32.110059 from_date-None, to_date-None, last_modified-2022-06-21 12:21:08.149839, order-None
2022-07-21 16:20:12.109161 from_date-None, to_date-None, last_modified-2022-06-21 12:21:08.149839, order-None
2022-07-21 16:21:52.114663 from_date-None, to_date-None, last_modified-2022-06-21 12:21:08.149839, order-None
2022-07-21 16:23:32.187866 from_date-None, to_date-None, last_modified-2022-06-21 12:21:08.149839, order-None
2022-07-21 16:25:12.161524 from_date-None, to_date-None, last_modified-2022-06-21 12:21:08.149839, order-None
2022-07-21 16:26:52.179384 from_date-None, to_date-None, last_modified-2022-06-21 12:21:08.149839, order-None
2022-07-21 16:28:35.081578 from_date-None, to_date-None, last_modified-2022-06-21 12:21:08.149839, order-None
2022-07-21 16:30:12.218417 from_date-None, to_date-None, last_modified-2022-06-21 12:21:08.149839, order-None
2022-07-21 16:31:52.252795 from_date-None, to_date-None, last_modified-2022-06-21 12:21:08.149839, order-None
2022-07-21 16:33:32.299733 from_date-None, to_date-None, last_modified-2022-06-21 12:21:08.149839, order-None
2022-07-21 16:35:12.377131 from_date-None, to_date-None, last_modified-2022-06-21 12:21:08.149839, order-None
2022-07-21 16:36:52.343239 from_date-None, to_date-None, last_modified-2022-06-21 12:21:08.149839, order-None
2022-07-21 16:38:32.356539 from_date-None, to_date-None, last_modified-2022-06-21 12:21:08.149839, order-None
2022-07-21 16:40:12.650025 from_date-None, to_date-None, last_modified-2022-06-21 12:21:08.149839, order-None
2022-07-21 16:41:52.469080 from_date-None, to_date-None, last_modified-2022-06-21 12:21:08.149839, order-None
2022-07-21 16:43:32.431244 from_date-None, to_date-None, last_modified-2022-06-21 12:21:08.149839, order-None
2022-07-21 16:45:12.500437 from_date-None, to_date-None, last_modified-2022-06-21 12:21:08.149839, order-None
2022-07-21 16:46:52.540171 from_date-None, to_date-None, last_modified-2022-06-21 12:21:08.149839, order-None
2022-07-21 16:48:32.500994 from_date-None, to_date-None, last_modified-2022-06-21 12:21:08.149839, order-None
2022-07-21 16:50:12.591788 from_date-None, to_date-None, last_modified-2022-06-21 12:21:08.149839, order-None
2022-07-21 16:51:52.557640 from_date-None, to_date-None, last_modified-2022-06-21 12:21:08.149839, order-None
2022-07-21 16:53:32.596851 from_date-None, to_date-None, last_modified-2022-06-21 12:21:08.149839, order-None
2022-07-21 16:55:12.671109 from_date-None, to_date-None, last_modified-2022-06-21 12:21:08.149839, order-None
2022-07-21 16:56:52.639763 from_date-None, to_date-None, last_modified-2022-06-21 12:21:08.149839, order-None
2022-07-21 16:58:32.681497 from_date-None, to_date-None, last_modified-2022-06-21 12:21:08.149839, order-None
2022-07-21 17:00:12.740028 from_date-None, to_date-None, last_modified-2022-06-21 12:21:08.149839, order-None
2022-07-21 17:01:52.870066 from_date-None, to_date-None, last_modified-2022-06-21 12:21:08.149839, order-None
2022-07-21 17:03:32.744375 from_date-None, to_date-None, last_modified-2022-06-21 12:21:08.149839, order-None
2022-07-21 17:05:12.830621 from_date-None, to_date-None, last_modified-2022-06-21 12:21:08.149839, order-None
2022-07-21 17:06:52.824073 from_date-None, to_date-None, last_modified-2022-06-21 12:21:08.149839, order-None
2022-07-21 17:08:32.861978 from_date-None, to_date-None, last_modified-2022-06-21 12:21:08.149839, order-None
2022-07-21 17:10:12.941921 from_date-None, to_date-None, last_modified-2022-06-21 12:21:08.149839, order-None
2022-07-21 17:11:52.903327 from_date-None, to_date-None, last_modified-2022-06-21 12:21:08.149839, order-None
2022-07-21 17:13:33.063549 from_date-None, to_date-None, last_modified-None, order-None
2022-07-21 17:15:13.001719 from_date-None, to_date-None, last_modified-2022-06-21 12:21:08.149839, order-None
2022-07-21 17:16:52.974948 from_date-None, to_date-None, last_modified-2022-06-21 12:21:08.149839, order-None
2022-07-21 17:18:33.048012 from_date-None, to_date-None, last_modified-2022-06-21 12:21:08.149839, order-None
2022-07-21 17:20:13.064921 from_date-None, to_date-None, last_modified-2022-06-21 12:21:08.149839, order-None
2022-07-21 17:20:42.958974 from_date-None, to_date-None, last_modified-2022-06-21 12:21:08.149839, order-None
2022-07-21 17:21:53.191851 from_date-None, to_date-None, last_modified-None, order-None
2022-07-21 17:23:33.066423 from_date-None, to_date-None, last_modified-2022-06-21 12:21:08.149839, order-None
2022-07-21 17:25:13.121205 from_date-None, to_date-None, last_modified-2022-06-21 12:21:08.149839, order-None
2022-07-21 17:26:53.299523 from_date-None, to_date-None, last_modified-None, order-None
2022-07-21 17:28:33.139840 from_date-None, to_date-None, last_modified-2022-06-21 12:21:08.149839, order-None
2022-07-21 17:30:13.361701 from_date-None, to_date-None, last_modified-None, order-None
2022-07-21 17:31:53.255929 from_date-None, to_date-None, last_modified-2022-06-21 12:21:08.149839, order-None
2022-07-21 17:33:33.227586 from_date-None, to_date-None, last_modified-2022-06-21 12:21:08.149839, order-None
2022-07-21 17:35:13.286799 from_date-None, to_date-None, last_modified-2022-06-21 12:21:08.149839, order-None
2022-07-21 17:36:53.373467 from_date-None, to_date-None, last_modified-2022-06-21 12:21:08.149839, order-None
2022-07-21 17:38:33.323842 from_date-None, to_date-None, last_modified-2022-06-21 12:21:08.149839, order-None
2022-07-21 17:40:13.343472 from_date-None, to_date-None, last_modified-2022-06-21 12:21:08.149839, order-None
2022-07-21 17:41:53.420824 from_date-None, to_date-None, last_modified-2022-06-21 12:21:08.149839, order-None
2022-07-21 17:43:33.407830 from_date-None, to_date-None, last_modified-2022-06-21 12:21:08.149839, order-None
2022-07-21 17:45:13.464611 from_date-None, to_date-None, last_modified-2022-06-21 12:21:08.149839, order-None
2022-07-21 17:46:53.530096 from_date-None, to_date-None, last_modified-2022-06-21 12:21:08.149839, order-None
2022-07-21 17:48:33.486537 from_date-None, to_date-None, last_modified-2022-06-21 12:21:08.149839, order-None
2022-07-21 17:50:13.517492 from_date-None, to_date-None, last_modified-2022-06-21 12:21:08.149839, order-None
2022-07-21 17:51:53.613153 from_date-None, to_date-None, last_modified-2022-06-21 12:21:08.149839, order-None
2022-07-21 17:53:33.583662 from_date-None, to_date-None, last_modified-2022-06-21 12:21:08.149839, order-None
2022-07-21 17:55:14.230751 from_date-None, to_date-None, last_modified-2022-06-21 12:21:08.149839, order-None
2022-07-21 17:56:53.684052 from_date-None, to_date-None, last_modified-2022-06-21 12:21:08.149839, order-None
2022-07-21 17:58:33.754738 from_date-None, to_date-None, last_modified-2022-06-21 12:21:08.149839, order-None
2022-07-21 18:00:14.593286 from_date-None, to_date-None, last_modified-2022-06-21 12:21:08.149839, order-None
2022-07-21 18:01:53.763440 from_date-None, to_date-None, last_modified-2022-06-21 12:21:08.149839, order-None
2022-07-21 18:03:33.736196 from_date-None, to_date-None, last_modified-2022-06-21 12:21:08.149839, order-None
2022-07-21 18:05:13.805366 from_date-None, to_date-None, last_modified-2022-06-21 12:21:08.149839, order-None
2022-07-21 18:06:53.810380 from_date-None, to_date-None, last_modified-2022-06-21 12:21:08.149839, order-None
2022-07-21 18:08:33.801645 from_date-None, to_date-None, last_modified-2022-06-21 12:21:08.149839, order-None
2022-07-21 18:12:52.849487 from_date-None, to_date-None, last_modified-2022-06-21 12:21:08.149839, order-None
2022-07-21 18:14:32.865236 from_date-None, to_date-None, last_modified-2022-06-21 12:21:08.149839, order-None
2022-07-21 18:16:12.900645 from_date-None, to_date-None, last_modified-2022-06-21 12:21:08.149839, order-None
2022-07-21 18:17:53.423521 from_date-None, to_date-None, last_modified-2022-06-21 12:21:08.149839, order-None
2022-07-21 18:19:32.964236 from_date-None, to_date-None, last_modified-2022-06-21 12:21:08.149839, order-None
2022-07-21 18:21:12.986920 from_date-None, to_date-None, last_modified-2022-06-21 12:21:08.149839, order-None
2022-07-21 18:22:53.086183 from_date-None, to_date-None, last_modified-2022-06-21 12:21:08.149839, order-None
2022-07-21 18:24:33.013107 from_date-None, to_date-None, last_modified-2022-06-21 12:21:08.149839, order-None
2022-07-21 18:26:13.090657 from_date-None, to_date-None, last_modified-2022-06-21 12:21:08.149839, order-None
2022-07-21 18:27:53.167951 from_date-None, to_date-None, last_modified-2022-06-21 12:21:08.149839, order-None
2022-07-21 18:29:33.091426 from_date-None, to_date-None, last_modified-2022-06-21 12:21:08.149839, order-None
2022-07-21 18:31:13.132147 from_date-None, to_date-None, last_modified-2022-06-21 12:21:08.149839, order-None
2022-07-21 18:32:53.212520 from_date-None, to_date-None, last_modified-2022-06-21 12:21:08.149839, order-None
2022-07-21 18:34:33.189216 from_date-None, to_date-None, last_modified-2022-06-21 12:21:08.149839, order-None
2022-07-21 18:36:13.366279 from_date-None, to_date-None, last_modified-None, order-None
2022-07-21 18:37:53.271806 from_date-None, to_date-None, last_modified-2022-06-21 12:21:08.149839, order-None
2022-07-21 18:39:33.249853 from_date-None, to_date-None, last_modified-2022-06-21 12:21:08.149839, order-None
2022-07-21 18:41:13.290569 from_date-None, to_date-None, last_modified-2022-06-21 12:21:08.149839, order-None
2022-07-21 18:42:53.371167 from_date-None, to_date-None, last_modified-2022-06-21 12:21:08.149839, order-None
2022-07-21 18:44:33.329263 from_date-None, to_date-None, last_modified-2022-06-21 12:21:08.149839, order-None
2022-07-21 18:46:13.381755 from_date-None, to_date-None, last_modified-2022-06-21 12:21:08.149839, order-None
2022-07-21 18:47:53.461186 from_date-None, to_date-None, last_modified-2022-06-21 12:21:08.149839, order-None
2022-07-21 18:49:33.420772 from_date-None, to_date-None, last_modified-2022-06-21 12:21:08.149839, order-None
2022-07-21 18:51:13.439999 from_date-None, to_date-None, last_modified-2022-06-21 12:21:08.149839, order-None
2022-07-21 18:52:53.531074 from_date-None, to_date-None, last_modified-2022-06-21 12:21:08.149839, order-None
2022-07-21 18:54:33.510418 from_date-None, to_date-None, last_modified-2022-06-21 12:21:08.149839, order-None
2022-07-21 18:56:13.514914 from_date-None, to_date-None, last_modified-2022-06-21 12:21:08.149839, order-None
2022-07-21 18:57:54.460753 from_date-None, to_date-None, last_modified-None, order-None
2022-07-21 18:59:35.354139 from_date-None, to_date-None, last_modified-2022-06-21 12:21:08.149839, order-None
2022-07-21 19:01:13.610746 from_date-None, to_date-None, last_modified-2022-06-21 12:21:08.149839, order-None
2022-07-21 19:02:53.735989 from_date-None, to_date-None, last_modified-2022-06-21 12:21:08.149839, order-None
2022-07-21 19:04:33.664506 from_date-None, to_date-None, last_modified-2022-06-21 12:21:08.149839, order-None
2022-07-21 19:06:13.669273 from_date-None, to_date-None, last_modified-2022-06-21 12:21:08.149839, order-None
2022-07-21 19:07:53.843758 from_date-None, to_date-None, last_modified-2022-06-21 12:21:08.149839, order-None
2022-07-21 19:09:33.730070 from_date-None, to_date-None, last_modified-2022-06-21 12:21:08.149839, order-None
2022-07-21 19:11:13.728304 from_date-None, to_date-None, last_modified-2022-06-21 12:21:08.149839, order-None
2022-07-21 19:12:54.055819 from_date-None, to_date-None, last_modified-2022-06-21 12:21:08.149839, order-None
2022-07-21 19:14:33.807315 from_date-None, to_date-None, last_modified-2022-06-21 12:21:08.149839, order-None
2022-07-21 19:16:13.827771 from_date-None, to_date-None, last_modified-2022-06-21 12:21:08.149839, order-None
2022-07-21 19:17:53.903723 from_date-None, to_date-None, last_modified-2022-06-21 12:21:08.149839, order-None
2022-07-21 19:19:33.910390 from_date-None, to_date-None, last_modified-2022-06-21 12:21:08.149839, order-None
2022-07-21 19:21:13.917856 from_date-None, to_date-None, last_modified-2022-06-21 12:21:08.149839, order-None
2022-07-21 19:22:53.993671 from_date-None, to_date-None, last_modified-2022-06-21 12:21:08.149839, order-None
2022-07-21 19:24:33.986628 from_date-None, to_date-None, last_modified-2022-06-21 12:21:08.149839, order-None
2022-07-21 19:26:14.557812 from_date-None, to_date-None, last_modified-None, order-None
2022-07-21 19:27:54.067277 from_date-None, to_date-None, last_modified-2022-06-21 12:21:08.149839, order-None
2022-07-21 19:29:34.076844 from_date-None, to_date-None, last_modified-2022-06-21 12:21:08.149839, order-None
2022-07-21 19:31:14.070691 from_date-None, to_date-None, last_modified-2022-06-21 12:21:08.149839, order-None
2022-07-21 19:32:54.438783 from_date-None, to_date-None, last_modified-None, order-None
2022-07-21 19:34:34.162015 from_date-None, to_date-None, last_modified-2022-06-21 12:21:08.149839, order-None
2022-07-21 19:36:14.259191 from_date-None, to_date-None, last_modified-None, order-None
2022-07-21 19:37:54.342385 from_date-None, to_date-None, last_modified-2022-06-21 12:21:08.149839, order-None
2022-07-21 19:39:34.304811 from_date-None, to_date-None, last_modified-2022-06-21 12:21:08.149839, order-None
2022-07-21 19:41:14.270826 from_date-None, to_date-None, last_modified-2022-06-21 12:21:08.149839, order-None
2022-07-21 19:42:54.570016 from_date-None, to_date-None, last_modified-2022-06-21 12:21:08.149839, order-None
2022-07-21 19:44:34.298916 from_date-None, to_date-None, last_modified-2022-06-21 12:21:08.149839, order-None
2022-07-21 19:46:14.337740 from_date-None, to_date-None, last_modified-2022-06-21 12:21:08.149839, order-None
2022-07-21 19:47:54.412146 from_date-None, to_date-None, last_modified-2022-06-21 12:21:08.149839, order-None
2022-07-21 19:49:34.544247 from_date-None, to_date-None, last_modified-2022-06-21 12:21:08.149839, order-None
2022-07-21 19:51:14.409801 from_date-None, to_date-None, last_modified-2022-06-21 12:21:08.149839, order-None
2022-07-21 19:52:54.504622 from_date-None, to_date-None, last_modified-2022-06-21 12:21:08.149839, order-None
2022-07-21 19:54:34.471449 from_date-None, to_date-None, last_modified-None, order-None
2022-07-21 19:56:14.511857 from_date-None, to_date-None, last_modified-2022-06-21 12:21:08.149839, order-None
2022-07-21 19:57:54.597339 from_date-None, to_date-None, last_modified-2022-06-21 12:21:08.149839, order-None
2022-07-21 19:59:34.584269 from_date-None, to_date-None, last_modified-2022-06-21 12:21:08.149839, order-None
2022-07-21 20:01:14.590353 from_date-None, to_date-None, last_modified-2022-06-21 12:21:08.149839, order-None
2022-07-21 20:02:55.118182 from_date-None, to_date-None, last_modified-2022-06-21 12:21:08.149839, order-None
2022-07-21 20:04:34.640292 from_date-None, to_date-None, last_modified-2022-06-21 12:21:08.149839, order-None
2022-07-21 20:06:15.112372 from_date-None, to_date-None, last_modified-2022-06-21 12:21:08.149839, order-None
2022-07-21 20:07:54.739281 from_date-None, to_date-None, last_modified-2022-06-21 12:21:08.149839, order-None
2022-07-21 20:09:34.725353 from_date-None, to_date-None, last_modified-2022-06-21 12:21:08.149839, order-None
2022-07-21 20:11:14.775679 from_date-None, to_date-None, last_modified-2022-06-21 12:21:08.149839, order-None
2022-07-21 20:12:54.821245 from_date-None, to_date-None, last_modified-2022-06-21 12:21:08.149839, order-None
2022-07-21 20:14:34.812454 from_date-None, to_date-None, last_modified-2022-06-21 12:21:08.149839, order-None
2022-07-21 20:16:14.839808 from_date-None, to_date-None, last_modified-2022-06-21 12:21:08.149839, order-None
2022-07-21 20:17:54.893189 from_date-None, to_date-None, last_modified-2022-06-21 12:21:08.149839, order-None
2022-07-21 20:19:34.897543 from_date-None, to_date-None, last_modified-2022-06-21 12:21:08.149839, order-None
2022-07-21 20:21:15.481931 from_date-None, to_date-None, last_modified-None, order-None
2022-07-21 20:22:55.014872 from_date-None, to_date-None, last_modified-2022-06-21 12:21:08.149839, order-None
2022-07-21 20:24:35.747637 from_date-None, to_date-None, last_modified-2022-06-21 12:21:08.149839, order-None
2022-07-21 20:26:15.226388 from_date-None, to_date-None, last_modified-None, order-None
2022-07-21 20:27:55.686104 from_date-None, to_date-None, last_modified-2022-06-21 12:21:08.149839, order-None
2022-07-21 20:29:35.199717 from_date-None, to_date-None, last_modified-None, order-None
2022-07-21 20:31:15.734749 from_date-None, to_date-None, last_modified-None, order-None
2022-07-21 20:32:55.162660 from_date-None, to_date-None, last_modified-2022-06-21 12:21:08.149839, order-None
2022-07-21 20:34:35.735583 from_date-None, to_date-None, last_modified-None, order-None
2022-07-21 20:36:15.169086 from_date-None, to_date-None, last_modified-2022-06-21 12:21:08.149839, order-None
2022-07-21 20:37:55.870997 from_date-None, to_date-None, last_modified-None, order-None
2022-07-21 20:39:35.762782 from_date-None, to_date-None, last_modified-2022-06-21 12:21:08.149839, order-None
2022-07-21 20:41:15.979140 from_date-None, to_date-None, last_modified-None, order-None
